Logging is working
None: None
Logging is working
None: None
None: None
jimbauserman: 9c42a1346e333a770904b2a2b37fa7d3
Raw data: [{"player_id": "86b14040373588abfb327f1a2cad15ca", "player_password_hash": "9c42a1346e333a770904b2a2b37fa7d3"}]
Request pw: 9c42a1346e333a770904b2a2b37fa7d3
DB pw: 9c42a1346e333a770904b2a2b37fa7d3
Logging is working
jimbauserman: 9c42a1346e333a770904b2a2b37fa7d3
Logging is working
jimbauserman: 9c42a1346e333a770904b2a2b37fa7d3
Raw data: {"player_id": "86b14040373588abfb327f1a2cad15ca", "player_password_hash": "9c42a1346e333a770904b2a2b37fa7d3"}
Request pw: 9c42a1346e333a770904b2a2b37fa7d3
DB pw: 9c42a1346e333a770904b2a2b37fa7d3
Logging is working
jimbauserman: 9c42a1346e333a770904b2a2b37fa7d3
Raw data: {"player_id": "86b14040373588abfb327f1a2cad15ca", "player_password_hash": "9c42a1346e333a770904b2a2b37fa7d3"}
Request pw: 9c42a1346e333a770904b2a2b37fa7d3
DB pw: 9c42a1346e333a770904b2a2b37fa7d3
Logging is working
jimbauserman: 9c42a1346e333a770904b2a2b37fa7d3
Raw data: {"player_id": "86b14040373588abfb327f1a2cad15ca", "player_password_hash": "9c42a1346e333a770904b2a2b37fa7d3"}
Request pw: 9c42a1346e333a770904b2a2b37fa7d3
DB pw: 9c42a1346e333a770904b2a2b37fa7d3
Logging is working
jimbauserman: 9c42a1346e333a770904b2a2b37fa7d3
Raw data: {"player_id": "86b14040373588abfb327f1a2cad15ca", "player_password_hash": "9c42a1346e333a770904b2a2b37fa7d3"}
Request pw: 9c42a1346e333a770904b2a2b37fa7d3
DB pw: 9c42a1346e333a770904b2a2b37fa7d3
Logging is working
jimbauserman: 9c42a1346e333a770904b2a2b37fa7d3
Raw data: {"player_id": "86b14040373588abfb327f1a2cad15ca", "player_password_hash": "9c42a1346e333a770904b2a2b37fa7d3"}
Request pw: 9c42a1346e333a770904b2a2b37fa7d3
DB pw: 9c42a1346e333a770904b2a2b37fa7d3
Logging is working
jimbauserman: 9c42a1346e333a770904b2a2b37fa7d3
Logging is working
jimbauserman: 9c42a1346e333a770904b2a2b37fa7d3
